This file contains any messages produced by compilers while
running configure, to aid debugging if configure makes a mistake.

It was created by less configure 1, which was
generated by GNU Autoconf 2.72.  Invocation command line was

  $ configure

## --------- ##
## Platform. ##
## --------- ##

hostname = pc
uname -m = x86_64
uname -r = 6.15.4-arch2-1
uname -s = Linux
uname -v = #1 SMP PREEMPT_DYNAMIC Fri, 27 Jun 2025 16:35:07 +0000

/usr/bin/uname -p = unknown
/bin/uname -X     = unknown

/bin/arch              = unknown
/usr/bin/arch -k       = unknown
/usr/convex/getsysinfo = unknown
/usr/bin/hostinfo      = unknown
/bin/machine           = unknown
/usr/bin/oslevel       = unknown
/bin/universe          = unknown

PATH: /home/cristi/.cargo/bin/
PATH: /usr/local/sbin/
PATH: /usr/local/bin/
PATH: /usr/bin/
PATH: /opt/cuda/bin/
PATH: /opt/cuda/nsight_compute/
PATH: /opt/cuda/nsight_systems/bin/
PATH: /home/cristi/.local/share/flatpak/exports/bin/
PATH: /usr/lib/jvm/default/bin/
PATH: /usr/bin/site_perl/
PATH: /usr/bin/vendor_perl/
PATH: /usr/bin/core_perl/
PATH: /usr/lib/rustup/bin/


## ----------- ##
## Core tests. ##
## ----------- ##

configure:2432: looking for aux files: install-sh
configure:2445:  trying ./
configure:2459:   ./install.sh found
configure:2654: checking for gcc
configure:2675: found /usr/bin/gcc
configure:2687: result: gcc
configure:3046: checking for C compiler version
configure:3055: gcc --version >&5
gcc (GCC) 15.1.1 20250425
Copyright (C) 2025 Free Software Foundation, Inc.
This is free software; see the source for copying conditions.  There is NO
warranty; not even for MERCHANTABILITY or FITNESS FOR A PARTICULAR PURPOSE.

configure:3066: $? = 0
configure:3055: gcc -v >&5
Using built-in specs.
COLLECT_GCC=gcc
COLLECT_LTO_WRAPPER=/usr/lib/gcc/x86_64-pc-linux-gnu/15.1.1/lto-wrapper
Target: x86_64-pc-linux-gnu
Configured with: /build/gcc/src/gcc/configure --enable-languages=ada,c,c++,d,fortran,go,lto,m2,objc,obj-c++,rust,cobol --enable-bootstrap --prefix=/usr --libdir=/usr/lib --libexecdir=/usr/lib --mandir=/usr/share/man --infodir=/usr/share/info --with-bugurl=https://gitlab.archlinux.org/archlinux/packaging/packages/gcc/-/issues --with-build-config=bootstrap-lto --with-linker-hash-style=gnu --with-system-zlib --enable-__cxa_atexit --enable-cet=auto --enable-checking=release --enable-clocale=gnu --enable-default-pie --enable-default-ssp --enable-gnu-indirect-function --enable-gnu-unique-object --enable-libstdcxx-backtrace --enable-link-serialization=1 --enable-linker-build-id --enable-lto --enable-multilib --enable-plugin --enable-shared --enable-threads=posix --disable-libssp --disable-libstdcxx-pch --disable-werror
Thread model: posix
Supported LTO compression algorithms: zlib zstd
gcc version 15.1.1 20250425 (GCC) 
configure:3066: $? = 0
configure:3055: gcc -V >&5
gcc: error: unrecognized command-line option '-V'
gcc: fatal error: no input files
compilation terminated.
configure:3066: $? = 1
configure:3055: gcc -qversion >&5
gcc: error: unrecognized command-line option '-qversion'; did you mean '--version'?
gcc: fatal error: no input files
compilation terminated.
configure:3066: $? = 1
configure:3055: gcc -version >&5
gcc: error: unrecognized command-line option '-version'
gcc: fatal error: no input files
compilation terminated.
configure:3066: $? = 1
configure:3086: checking whether the C compiler works
configure:3108: gcc    conftest.c  >&5
configure:3112: $? = 0
configure:3163: result: yes
configure:3167: checking for C compiler default output file name
configure:3169: result: a.out
configure:3175: checking for suffix of executables
configure:3182: gcc -o conftest    conftest.c  >&5
configure:3186: $? = 0
configure:3210: result: 
configure:3234: checking whether we are cross compiling
configure:3242: gcc -o conftest    conftest.c  >&5
configure:3246: $? = 0
configure:3253: ./conftest
configure:3257: $? = 0
configure:3272: result: no
configure:3278: checking for suffix of object files
configure:3301: gcc -c   conftest.c >&5
configure:3305: $? = 0
configure:3329: result: o
configure:3333: checking whether the compiler supports GNU C
configure:3353: gcc -c   conftest.c >&5
configure:3353: $? = 0
configure:3365: result: yes
configure:3376: checking whether gcc accepts -g
configure:3397: gcc -c -g  conftest.c >&5
configure:3397: $? = 0
configure:3444: result: yes
configure:3464: checking for gcc option to enable C11 features
configure:3479: gcc  -c -g -O2  conftest.c >&5
configure:3479: $? = 0
configure:3498: result: none needed
configure:3617: checking for library containing strerror
configure:3653: gcc -o conftest -g -O2   conftest.c  >&5
configure:3653: $? = 0
configure:3675: result: none required
configure:3701: checking for a BSD-compatible install
configure:3775: result: /usr/bin/install -c
configure:3795: checking for gcc option to enable large file support
configure:3830: gcc -c -g -O2  conftest.c >&5
configure:3830: $? = 0
configure:3836: gcc -DFTYPE=ino_t -c -g -O2  conftest.c >&5
configure:3836: $? = 0
configure:3861: result: none needed
configure:3965: checking for tgoto in -ltinfo
configure:3994: gcc -o conftest -g -O2   conftest.c -ltinfo   >&5
configure:3994: $? = 0
configure:4006: result: yes
configure:4016: checking for tgoto in -ltinfow
configure:4045: gcc -o conftest -g -O2   conftest.c -ltinfow   >&5
/usr/bin/ld: cannot find -ltinfow: No such file or directory
collect2: error: ld returned 1 exit status
configure:4045: $? = 1
configure: failed program was:
| /* confdefs.h */
| #define PACKAGE_NAME "less"
| #define PACKAGE_TARNAME "less"
| #define PACKAGE_VERSION "1"
| #define PACKAGE_STRING "less 1"
| #define PACKAGE_BUGREPORT ""
| #define PACKAGE_URL ""
| /* end confdefs.h.  */
| 
| /* Override any GCC internal prototype to avoid an error.
|    Use char because int might match the return type of a GCC
|    builtin and then its argument prototype would still apply.
|    The 'extern "C"' is for builds by C++ compilers;
|    although this is not generally supported in C code supporting it here
|    has little cost and some practical benefit (sr 110532).  */
| #ifdef __cplusplus
| extern "C"
| #endif
| char tgoto (void);
| int
| main (void)
| {
| return tgoto ();
|   ;
|   return 0;
| }
configure:4057: result: no
configure:4067: checking for initscr in -lxcurses
configure:4096: gcc -o conftest -g -O2   conftest.c -lxcurses   >&5
/usr/bin/ld: cannot find -lxcurses: No such file or directory
collect2: error: ld returned 1 exit status
configure:4096: $? = 1
configure: failed program was:
| /* confdefs.h */
| #define PACKAGE_NAME "less"
| #define PACKAGE_TARNAME "less"
| #define PACKAGE_VERSION "1"
| #define PACKAGE_STRING "less 1"
| #define PACKAGE_BUGREPORT ""
| #define PACKAGE_URL ""
| /* end confdefs.h.  */
| 
| /* Override any GCC internal prototype to avoid an error.
|    Use char because int might match the return type of a GCC
|    builtin and then its argument prototype would still apply.
|    The 'extern "C"' is for builds by C++ compilers;
|    although this is not generally supported in C code supporting it here
|    has little cost and some practical benefit (sr 110532).  */
| #ifdef __cplusplus
| extern "C"
| #endif
| char initscr (void);
| int
| main (void)
| {
| return initscr ();
|   ;
|   return 0;
| }
configure:4108: result: no
configure:4118: checking for initscr in -lncursesw
configure:4147: gcc -o conftest -g -O2   conftest.c -lncursesw   >&5
configure:4147: $? = 0
configure:4159: result: yes
configure:4169: checking for initscr in -lncurses
configure:4198: gcc -o conftest -g -O2   conftest.c -lncurses   >&5
configure:4198: $? = 0
configure:4210: result: yes
configure:4220: checking for initscr in -lcurses
configure:4249: gcc -o conftest -g -O2   conftest.c -lcurses   >&5
configure:4249: $? = 0
configure:4261: result: yes
configure:4271: checking for tgetent in -ltermcap
configure:4300: gcc -o conftest -g -O2   conftest.c -ltermcap   >&5
/usr/bin/ld: cannot find -ltermcap: No such file or directory
collect2: error: ld returned 1 exit status
configure:4300: $? = 1
configure: failed program was:
| /* confdefs.h */
| #define PACKAGE_NAME "less"
| #define PACKAGE_TARNAME "less"
| #define PACKAGE_VERSION "1"
| #define PACKAGE_STRING "less 1"
| #define PACKAGE_BUGREPORT ""
| #define PACKAGE_URL ""
| /* end confdefs.h.  */
| 
| /* Override any GCC internal prototype to avoid an error.
|    Use char because int might match the return type of a GCC
|    builtin and then its argument prototype would still apply.
|    The 'extern "C"' is for builds by C++ compilers;
|    although this is not generally supported in C code supporting it here
|    has little cost and some practical benefit (sr 110532).  */
| #ifdef __cplusplus
| extern "C"
| #endif
| char tgetent (void);
| int
| main (void)
| {
| return tgetent ();
|   ;
|   return 0;
| }
configure:4312: result: no
configure:4322: checking for tgetent in -ltermlib
configure:4351: gcc -o conftest -g -O2   conftest.c -ltermlib   >&5
/usr/bin/ld: cannot find -ltermlib: No such file or directory
collect2: error: ld returned 1 exit status
configure:4351: $? = 1
configure: failed program was:
| /* confdefs.h */
| #define PACKAGE_NAME "less"
| #define PACKAGE_TARNAME "less"
| #define PACKAGE_VERSION "1"
| #define PACKAGE_STRING "less 1"
| #define PACKAGE_BUGREPORT ""
| #define PACKAGE_URL ""
| /* end confdefs.h.  */
| 
| /* Override any GCC internal prototype to avoid an error.
|    Use char because int might match the return type of a GCC
|    builtin and then its argument prototype would still apply.
|    The 'extern "C"' is for builds by C++ compilers;
|    although this is not generally supported in C code supporting it here
|    has little cost and some practical benefit (sr 110532).  */
| #ifdef __cplusplus
| extern "C"
| #endif
| char tgetent (void);
| int
| main (void)
| {
| return tgetent ();
|   ;
|   return 0;
| }
configure:4363: result: no
configure:4375: checking for library containing regcmp
configure:4411: gcc -o conftest -g -O2   conftest.c  >&5
/usr/bin/ld: /tmp/ccXdZwg8.o: in function `main':
/home/cristi/work/rust/less/conftest.c:23:(.text.startup+0x5): undefined reference to `regcmp'
collect2: error: ld returned 1 exit status
configure:4411: $? = 1
configure: failed program was:
| /* confdefs.h */
| #define PACKAGE_NAME "less"
| #define PACKAGE_TARNAME "less"
| #define PACKAGE_VERSION "1"
| #define PACKAGE_STRING "less 1"
| #define PACKAGE_BUGREPORT ""
| #define PACKAGE_URL ""
| /* end confdefs.h.  */
| 
| /* Override any GCC internal prototype to avoid an error.
|    Use char because int might match the return type of a GCC
|    builtin and then its argument prototype would still apply.
|    The 'extern "C"' is for builds by C++ compilers;
|    although this is not generally supported in C code supporting it here
|    has little cost and some practical benefit (sr 110532).  */
| #ifdef __cplusplus
| extern "C"
| #endif
| char regcmp (void);
| int
| main (void)
| {
| return regcmp ();
|   ;
|   return 0;
| }
configure:4411: gcc -o conftest -g -O2   conftest.c -lgen   >&5
/usr/bin/ld: cannot find -lgen: No such file or directory
collect2: error: ld returned 1 exit status
configure:4411: $? = 1
configure: failed program was:
| /* confdefs.h */
| #define PACKAGE_NAME "less"
| #define PACKAGE_TARNAME "less"
| #define PACKAGE_VERSION "1"
| #define PACKAGE_STRING "less 1"
| #define PACKAGE_BUGREPORT ""
| #define PACKAGE_URL ""
| /* end confdefs.h.  */
| 
| /* Override any GCC internal prototype to avoid an error.
|    Use char because int might match the return type of a GCC
|    builtin and then its argument prototype would still apply.
|    The 'extern "C"' is for builds by C++ compilers;
|    although this is not generally supported in C code supporting it here
|    has little cost and some practical benefit (sr 110532).  */
| #ifdef __cplusplus
| extern "C"
| #endif
| char regcmp (void);
| int
| main (void)
| {
| return regcmp ();
|   ;
|   return 0;
| }
configure:4411: gcc -o conftest -g -O2   conftest.c -lintl   >&5
/usr/bin/ld: cannot find -lintl: No such file or directory
collect2: error: ld returned 1 exit status
configure:4411: $? = 1
configure: failed program was:
| /* confdefs.h */
| #define PACKAGE_NAME "less"
| #define PACKAGE_TARNAME "less"
| #define PACKAGE_VERSION "1"
| #define PACKAGE_STRING "less 1"
| #define PACKAGE_BUGREPORT ""
| #define PACKAGE_URL ""
| /* end confdefs.h.  */
| 
| /* Override any GCC internal prototype to avoid an error.
|    Use char because int might match the return type of a GCC
|    builtin and then its argument prototype would still apply.
|    The 'extern "C"' is for builds by C++ compilers;
|    although this is not generally supported in C code supporting it here
|    has little cost and some practical benefit (sr 110532).  */
| #ifdef __cplusplus
| extern "C"
| #endif
| char regcmp (void);
| int
| main (void)
| {
| return regcmp ();
|   ;
|   return 0;
| }
configure:4411: gcc -o conftest -g -O2   conftest.c -lPW   >&5
/usr/bin/ld: cannot find -lPW: No such file or directory
collect2: error: ld returned 1 exit status
configure:4411: $? = 1
configure: failed program was:
| /* confdefs.h */
| #define PACKAGE_NAME "less"
| #define PACKAGE_TARNAME "less"
| #define PACKAGE_VERSION "1"
| #define PACKAGE_STRING "less 1"
| #define PACKAGE_BUGREPORT ""
| #define PACKAGE_URL ""
| /* end confdefs.h.  */
| 
| /* Override any GCC internal prototype to avoid an error.
|    Use char because int might match the return type of a GCC
|    builtin and then its argument prototype would still apply.
|    The 'extern "C"' is for builds by C++ compilers;
|    although this is not generally supported in C code supporting it here
|    has little cost and some practical benefit (sr 110532).  */
| #ifdef __cplusplus
| extern "C"
| #endif
| char regcmp (void);
| int
| main (void)
| {
| return regcmp ();
|   ;
|   return 0;
| }
configure:4433: result: no
configure:4448: checking for stdio.h
configure:4448: gcc -c -g -O2  conftest.c >&5
configure:4448: $? = 0
configure:4448: result: yes
configure:4448: checking for stdlib.h
configure:4448: gcc -c -g -O2  conftest.c >&5
configure:4448: $? = 0
configure:4448: result: yes
configure:4448: checking for string.h
configure:4448: gcc -c -g -O2  conftest.c >&5
configure:4448: $? = 0
configure:4448: result: yes
configure:4448: checking for inttypes.h
configure:4448: gcc -c -g -O2  conftest.c >&5
configure:4448: $? = 0
configure:4448: result: yes
configure:4448: checking for stdint.h
configure:4448: gcc -c -g -O2  conftest.c >&5
configure:4448: $? = 0
configure:4448: result: yes
configure:4448: checking for strings.h
configure:4448: gcc -c -g -O2  conftest.c >&5
configure:4448: $? = 0
configure:4448: result: yes
configure:4448: checking for sys/stat.h
configure:4448: gcc -c -g -O2  conftest.c >&5
configure:4448: $? = 0
configure:4448: result: yes
configure:4448: checking for sys/types.h
configure:4448: gcc -c -g -O2  conftest.c >&5
configure:4448: $? = 0
configure:4448: result: yes
configure:4448: checking for unistd.h
configure:4448: gcc -c -g -O2  conftest.c >&5
configure:4448: $? = 0
configure:4448: result: yes
configure:4448: checking for ctype.h
configure:4448: gcc -c -g -O2  conftest.c >&5
configure:4448: $? = 0
configure:4448: result: yes
configure:4448: checking for errno.h
configure:4448: gcc -c -g -O2  conftest.c >&5
configure:4448: $? = 0
configure:4448: result: yes
configure:4448: checking for fcntl.h
configure:4448: gcc -c -g -O2  conftest.c >&5
configure:4448: $? = 0
configure:4448: result: yes
configure:4448: checking for limits.h
configure:4448: gcc -c -g -O2  conftest.c >&5
configure:4448: $? = 0
configure:4448: result: yes
configure:4448: checking for stdckdint.h
configure:4448: gcc -c -g -O2  conftest.c >&5
configure:4448: $? = 0
configure:4448: result: yes
configure:4448: checking for termcap.h
configure:4448: gcc -c -g -O2  conftest.c >&5
configure:4448: $? = 0
configure:4448: result: yes
configure:4448: checking for ncurses/termcap.h
configure:4448: gcc -c -g -O2  conftest.c >&5
conftest.c:52:10: fatal error: ncurses/termcap.h: No such file or directory
   52 | #include <ncurses/termcap.h>
      |          ^~~~~~~~~~~~~~~~~~~
compilation terminated.
configure:4448: $? = 1
configure: failed program was:
| /* confdefs.h */
| #define PACKAGE_NAME "less"
| #define PACKAGE_TARNAME "less"
| #define PACKAGE_VERSION "1"
| #define PACKAGE_STRING "less 1"
| #define PACKAGE_BUGREPORT ""
| #define PACKAGE_URL ""
| #define HAVE_STDIO_H 1
| #define HAVE_STDLIB_H 1
| #define HAVE_STRING_H 1
| #define HAVE_INTTYPES_H 1
| #define HAVE_STDINT_H 1
| #define HAVE_STRINGS_H 1
| #define HAVE_SYS_STAT_H 1
| #define HAVE_SYS_TYPES_H 1
| #define HAVE_UNISTD_H 1
| #define HAVE_CTYPE_H 1
| #define HAVE_ERRNO_H 1
| #define HAVE_FCNTL_H 1
| #define HAVE_LIMITS_H 1
| #define HAVE_STDCKDINT_H 1
| #define HAVE_TERMCAP_H 1
| /* end confdefs.h.  */
| #include <stddef.h>
| #ifdef HAVE_STDIO_H
| # include <stdio.h>
| #endif
| #ifdef HAVE_STDLIB_H
| # include <stdlib.h>
| #endif
| #ifdef HAVE_STRING_H
| # include <string.h>
| #endif
| #ifdef HAVE_INTTYPES_H
| # include <inttypes.h>
| #endif
| #ifdef HAVE_STDINT_H
| # include <stdint.h>
| #endif
| #ifdef HAVE_STRINGS_H
| # include <strings.h>
| #endif
| #ifdef HAVE_SYS_TYPES_H
| # include <sys/types.h>
| #endif
| #ifdef HAVE_SYS_STAT_H
| # include <sys/stat.h>
| #endif
| #ifdef HAVE_UNISTD_H
| # include <unistd.h>
| #endif
| #include <ncurses/termcap.h>
configure:4448: result: no
configure:4448: checking for ncursesw/termcap.h
configure:4448: gcc -c -g -O2  conftest.c >&5
conftest.c:52:10: fatal error: ncursesw/termcap.h: No such file or directory
   52 | #include <ncursesw/termcap.h>
      |          ^~~~~~~~~~~~~~~~~~~~
compilation terminated.
configure:4448: $? = 1
configure: failed program was:
| /* confdefs.h */
| #define PACKAGE_NAME "less"
| #define PACKAGE_TARNAME "less"
| #define PACKAGE_VERSION "1"
| #define PACKAGE_STRING "less 1"
| #define PACKAGE_BUGREPORT ""
| #define PACKAGE_URL ""
| #define HAVE_STDIO_H 1
| #define HAVE_STDLIB_H 1
| #define HAVE_STRING_H 1
| #define HAVE_INTTYPES_H 1
| #define HAVE_STDINT_H 1
| #define HAVE_STRINGS_H 1
| #define HAVE_SYS_STAT_H 1
| #define HAVE_SYS_TYPES_H 1
| #define HAVE_UNISTD_H 1
| #define HAVE_CTYPE_H 1
| #define HAVE_ERRNO_H 1
| #define HAVE_FCNTL_H 1
| #define HAVE_LIMITS_H 1
| #define HAVE_STDCKDINT_H 1
| #define HAVE_TERMCAP_H 1
| /* end confdefs.h.  */
| #include <stddef.h>
| #ifdef HAVE_STDIO_H
| # include <stdio.h>
| #endif
| #ifdef HAVE_STDLIB_H
| # include <stdlib.h>
| #endif
| #ifdef HAVE_STRING_H
| # include <string.h>
| #endif
| #ifdef HAVE_INTTYPES_H
| # include <inttypes.h>
| #endif
| #ifdef HAVE_STDINT_H
| # include <stdint.h>
| #endif
| #ifdef HAVE_STRINGS_H
| # include <strings.h>
| #endif
| #ifdef HAVE_SYS_TYPES_H
| # include <sys/types.h>
| #endif
| #ifdef HAVE_SYS_STAT_H
| # include <sys/stat.h>
| #endif
| #ifdef HAVE_UNISTD_H
| # include <unistd.h>
| #endif
| #include <ncursesw/termcap.h>
configure:4448: result: no
configure:4448: checking for termio.h
configure:4448: gcc -c -g -O2  conftest.c >&5
configure:4448: $? = 0
configure:4448: result: yes
configure:4448: checking for termios.h
configure:4448: gcc -c -g -O2  conftest.c >&5
configure:4448: $? = 0
configure:4448: result: yes
configure:4448: checking for time.h
configure:4448: gcc -c -g -O2  conftest.c >&5
configure:4448: $? = 0
configure:4448: result: yes
configure:4448: checking for values.h
configure:4448: gcc -c -g -O2  conftest.c >&5
configure:4448: $? = 0
configure:4448: result: yes
configure:4448: checking for sys/ioctl.h
configure:4448: gcc -c -g -O2  conftest.c >&5
configure:4448: $? = 0
configure:4448: result: yes
configure:4448: checking for sys/stream.h
configure:4448: gcc -c -g -O2  conftest.c >&5
conftest.c:57:10: fatal error: sys/stream.h: No such file or directory
   57 | #include <sys/stream.h>
      |          ^~~~~~~~~~~~~~
compilation terminated.
configure:4448: $? = 1
configure: failed program was:
| /* confdefs.h */
| #define PACKAGE_NAME "less"
| #define PACKAGE_TARNAME "less"
| #define PACKAGE_VERSION "1"
| #define PACKAGE_STRING "less 1"
| #define PACKAGE_BUGREPORT ""
| #define PACKAGE_URL ""
| #define HAVE_STDIO_H 1
| #define HAVE_STDLIB_H 1
| #define HAVE_STRING_H 1
| #define HAVE_INTTYPES_H 1
| #define HAVE_STDINT_H 1
| #define HAVE_STRINGS_H 1
| #define HAVE_SYS_STAT_H 1
| #define HAVE_SYS_TYPES_H 1
| #define HAVE_UNISTD_H 1
| #define HAVE_CTYPE_H 1
| #define HAVE_ERRNO_H 1
| #define HAVE_FCNTL_H 1
| #define HAVE_LIMITS_H 1
| #define HAVE_STDCKDINT_H 1
| #define HAVE_TERMCAP_H 1
| #define HAVE_TERMIO_H 1
| #define HAVE_TERMIOS_H 1
| #define HAVE_TIME_H 1
| #define HAVE_VALUES_H 1
| #define HAVE_SYS_IOCTL_H 1
| /* end confdefs.h.  */
| #include <stddef.h>
| #ifdef HAVE_STDIO_H
| # include <stdio.h>
| #endif
| #ifdef HAVE_STDLIB_H
| # include <stdlib.h>
| #endif
| #ifdef HAVE_STRING_H
| # include <string.h>
| #endif
| #ifdef HAVE_INTTYPES_H
| # include <inttypes.h>
| #endif
| #ifdef HAVE_STDINT_H
| # include <stdint.h>
| #endif
| #ifdef HAVE_STRINGS_H
| # include <strings.h>
| #endif
| #ifdef HAVE_SYS_TYPES_H
| # include <sys/types.h>
| #endif
| #ifdef HAVE_SYS_STAT_H
| # include <sys/stat.h>
| #endif
| #ifdef HAVE_UNISTD_H
| # include <unistd.h>
| #endif
| #include <sys/stream.h>
configure:4448: result: no
configure:4448: checking for sys/wait.h
configure:4448: gcc -c -g -O2  conftest.c >&5
configure:4448: $? = 0
configure:4448: result: yes
configure:4448: checking for wctype.h
configure:4448: gcc -c -g -O2  conftest.c >&5
configure:4448: $? = 0
configure:4448: result: yes
configure:4492: checking whether stat file-mode macros are broken
configure:4520: gcc -c -g -O2  conftest.c >&5
configure:4520: $? = 0
configure:4530: result: no
configure:4538: checking for an ANSI C-conforming const
configure:4605: gcc -c -g -O2  conftest.c >&5
configure:4605: $? = 0
configure:4615: result: yes
configure:4623: checking for off_t
configure:4623: gcc -c -g -O2  conftest.c >&5
configure:4623: $? = 0
configure:4623: gcc -c -g -O2  conftest.c >&5
conftest.c: In function 'main':
conftest.c:63:20: error: expected expression before ')' token
   63 | if (sizeof ((off_t)))
      |                    ^
configure:4623: $? = 1
configure: failed program was:
| /* confdefs.h */
| #define PACKAGE_NAME "less"
| #define PACKAGE_TARNAME "less"
| #define PACKAGE_VERSION "1"
| #define PACKAGE_STRING "less 1"
| #define PACKAGE_BUGREPORT ""
| #define PACKAGE_URL ""
| #define HAVE_STDIO_H 1
| #define HAVE_STDLIB_H 1
| #define HAVE_STRING_H 1
| #define HAVE_INTTYPES_H 1
| #define HAVE_STDINT_H 1
| #define HAVE_STRINGS_H 1
| #define HAVE_SYS_STAT_H 1
| #define HAVE_SYS_TYPES_H 1
| #define HAVE_UNISTD_H 1
| #define HAVE_CTYPE_H 1
| #define HAVE_ERRNO_H 1
| #define HAVE_FCNTL_H 1
| #define HAVE_LIMITS_H 1
| #define HAVE_STDCKDINT_H 1
| #define HAVE_TERMCAP_H 1
| #define HAVE_TERMIO_H 1
| #define HAVE_TERMIOS_H 1
| #define HAVE_TIME_H 1
| #define HAVE_VALUES_H 1
| #define HAVE_SYS_IOCTL_H 1
| #define HAVE_SYS_WAIT_H 1
| #define HAVE_WCTYPE_H 1
| #define STDC_HEADERS 1
| /* end confdefs.h.  */
| #include <stddef.h>
| #ifdef HAVE_STDIO_H
| # include <stdio.h>
| #endif
| #ifdef HAVE_STDLIB_H
| # include <stdlib.h>
| #endif
| #ifdef HAVE_STRING_H
| # include <string.h>
| #endif
| #ifdef HAVE_INTTYPES_H
| # include <inttypes.h>
| #endif
| #ifdef HAVE_STDINT_H
| # include <stdint.h>
| #endif
| #ifdef HAVE_STRINGS_H
| # include <strings.h>
| #endif
| #ifdef HAVE_SYS_TYPES_H
| # include <sys/types.h>
| #endif
| #ifdef HAVE_SYS_STAT_H
| # include <sys/stat.h>
| #endif
| #ifdef HAVE_UNISTD_H
| # include <unistd.h>
| #endif
| int
| main (void)
| {
| if (sizeof ((off_t)))
| 	    return 0;
|   ;
|   return 0;
| }
configure:4623: result: yes
configure:4634: checking for size_t
configure:4634: gcc -c -g -O2  conftest.c >&5
configure:4634: $? = 0
configure:4634: gcc -c -g -O2  conftest.c >&5
conftest.c: In function 'main':
conftest.c:63:21: error: expected expression before ')' token
   63 | if (sizeof ((size_t)))
      |                     ^
configure:4634: $? = 1
configure: failed program was:
| /* confdefs.h */
| #define PACKAGE_NAME "less"
| #define PACKAGE_TARNAME "less"
| #define PACKAGE_VERSION "1"
| #define PACKAGE_STRING "less 1"
| #define PACKAGE_BUGREPORT ""
| #define PACKAGE_URL ""
| #define HAVE_STDIO_H 1
| #define HAVE_STDLIB_H 1
| #define HAVE_STRING_H 1
| #define HAVE_INTTYPES_H 1
| #define HAVE_STDINT_H 1
| #define HAVE_STRINGS_H 1
| #define HAVE_SYS_STAT_H 1
| #define HAVE_SYS_TYPES_H 1
| #define HAVE_UNISTD_H 1
| #define HAVE_CTYPE_H 1
| #define HAVE_ERRNO_H 1
| #define HAVE_FCNTL_H 1
| #define HAVE_LIMITS_H 1
| #define HAVE_STDCKDINT_H 1
| #define HAVE_TERMCAP_H 1
| #define HAVE_TERMIO_H 1
| #define HAVE_TERMIOS_H 1
| #define HAVE_TIME_H 1
| #define HAVE_VALUES_H 1
| #define HAVE_SYS_IOCTL_H 1
| #define HAVE_SYS_WAIT_H 1
| #define HAVE_WCTYPE_H 1
| #define STDC_HEADERS 1
| /* end confdefs.h.  */
| #include <stddef.h>
| #ifdef HAVE_STDIO_H
| # include <stdio.h>
| #endif
| #ifdef HAVE_STDLIB_H
| # include <stdlib.h>
| #endif
| #ifdef HAVE_STRING_H
| # include <string.h>
| #endif
| #ifdef HAVE_INTTYPES_H
| # include <inttypes.h>
| #endif
| #ifdef HAVE_STDINT_H
| # include <stdint.h>
| #endif
| #ifdef HAVE_STRINGS_H
| # include <strings.h>
| #endif
| #ifdef HAVE_SYS_TYPES_H
| # include <sys/types.h>
| #endif
| #ifdef HAVE_SYS_STAT_H
| # include <sys/stat.h>
| #endif
| #ifdef HAVE_UNISTD_H
| # include <unistd.h>
| #endif
| int
| main (void)
| {
| if (sizeof ((size_t)))
| 	    return 0;
|   ;
|   return 0;
| }
configure:4634: result: yes
configure:4647: checking for working terminal libraries
configure:4714: gcc -o conftest -g -O2   conftest.c  -ltinfo >&5
configure:4714: $? = 0
configure:4953: result: using -ltinfo
configure:4990: checking for void
configure:5003: gcc -c -g -O2  conftest.c >&5
configure:5003: $? = 0
configure:5005: result: yes
configure:5014: checking for const
configure:5027: gcc -c -g -O2  conftest.c >&5
configure:5027: $? = 0
configure:5029: result: yes
configure:5038: checking for time_t
configure:5051: gcc -c -g -O2  conftest.c >&5
configure:5051: $? = 0
configure:5053: result: yes
configure:5062: checking for st_ino in struct stat
configure:5076: gcc -c -g -O2  conftest.c >&5
configure:5076: $? = 0
configure:5078: result: yes
configure:5089: checking for ANSI function prototypes
configure:5102: gcc -c -g -O2  conftest.c >&5
configure:5102: $? = 0
configure:5104: result: yes
configure:5115: checking for fchmod
configure:5115: gcc -o conftest -g -O2   conftest.c  -ltinfo >&5
configure:5115: $? = 0
configure:5115: result: yes
configure:5121: checking for fsync
configure:5121: gcc -o conftest -g -O2   conftest.c  -ltinfo >&5
configure:5121: $? = 0
configure:5121: result: yes
configure:5127: checking for nanosleep
configure:5127: gcc -o conftest -g -O2   conftest.c  -ltinfo >&5
configure:5127: $? = 0
configure:5127: result: yes
configure:5133: checking for poll
configure:5133: gcc -o conftest -g -O2   conftest.c  -ltinfo >&5
configure:5133: $? = 0
configure:5133: result: yes
configure:5139: checking for popen
configure:5139: gcc -o conftest -g -O2   conftest.c  -ltinfo >&5
configure:5139: $? = 0
configure:5139: result: yes
configure:5145: checking for realpath
configure:5145: gcc -o conftest -g -O2   conftest.c  -ltinfo >&5
configure:5145: $? = 0
configure:5145: result: yes
configure:5151: checking for _setjmp
configure:5151: gcc -o conftest -g -O2   conftest.c  -ltinfo >&5
configure:5151: $? = 0
configure:5151: result: yes
configure:5157: checking for sigprocmask
configure:5157: gcc -o conftest -g -O2   conftest.c  -ltinfo >&5
configure:5157: $? = 0
configure:5157: result: yes
configure:5163: checking for sigsetmask
configure:5163: gcc -o conftest -g -O2   conftest.c  -ltinfo >&5
configure:5163: $? = 0
configure:5163: result: yes
configure:5169: checking for snprintf
configure:5169: gcc -o conftest -g -O2   conftest.c  -ltinfo >&5
conftest.c:62:6: warning: conflicting types for built-in function 'snprintf'; expected 'int(char *, long unsigned int,  const char *, ...)' [-Wbuiltin-declaration-mismatch]
   62 | char snprintf (void);
      |      ^~~~~~~~
conftest.c:54:1: note: 'snprintf' is declared in header '<stdio.h>'
   53 | #include <limits.h>
   54 | #undef snprintf
configure:5169: $? = 0
configure:5169: result: yes
configure:5175: checking for stat
configure:5175: gcc -o conftest -g -O2   conftest.c  -ltinfo >&5
configure:5175: $? = 0
configure:5175: result: yes
configure:5181: checking for strsignal
configure:5181: gcc -o conftest -g -O2   conftest.c  -ltinfo >&5
configure:5181: $? = 0
configure:5181: result: yes
configure:5187: checking for system
configure:5187: gcc -o conftest -g -O2   conftest.c  -ltinfo >&5
configure:5187: $? = 0
configure:5187: result: yes
configure:5193: checking for ttyname
configure:5193: gcc -o conftest -g -O2   conftest.c  -ltinfo >&5
configure:5193: $? = 0
configure:5193: result: yes
configure:5199: checking for usleep
configure:5199: gcc -o conftest -g -O2   conftest.c  -ltinfo >&5
configure:5199: $? = 0
configure:5199: result: yes
configure:5206: checking for gcc options needed to detect all undeclared functions
configure:5228: gcc -c -g -O2   conftest.c >&5
conftest.c: In function 'main':
conftest.c:56:8: error: 'strchr' undeclared (first use in this function)
   56 | (void) strchr;
      |        ^~~~~~
conftest.c:1:1: note: 'strchr' is defined in header '<string.h>'; this is probably fixable by adding '#include <string.h>'
    1 | /* confdefs.h */
conftest.c:56:8: note: each undeclared identifier is reported only once for each function it appears in
   56 | (void) strchr;
      |        ^~~~~~
configure:5228: $? = 1
configure: failed program was:
| /* confdefs.h */
| #define PACKAGE_NAME "less"
| #define PACKAGE_TARNAME "less"
| #define PACKAGE_VERSION "1"
| #define PACKAGE_STRING "less 1"
| #define PACKAGE_BUGREPORT ""
| #define PACKAGE_URL ""
| #define HAVE_STDIO_H 1
| #define HAVE_STDLIB_H 1
| #define HAVE_STRING_H 1
| #define HAVE_INTTYPES_H 1
| #define HAVE_STDINT_H 1
| #define HAVE_STRINGS_H 1
| #define HAVE_SYS_STAT_H 1
| #define HAVE_SYS_TYPES_H 1
| #define HAVE_UNISTD_H 1
| #define HAVE_CTYPE_H 1
| #define HAVE_ERRNO_H 1
| #define HAVE_FCNTL_H 1
| #define HAVE_LIMITS_H 1
| #define HAVE_STDCKDINT_H 1
| #define HAVE_TERMCAP_H 1
| #define HAVE_TERMIO_H 1
| #define HAVE_TERMIOS_H 1
| #define HAVE_TIME_H 1
| #define HAVE_VALUES_H 1
| #define HAVE_SYS_IOCTL_H 1
| #define HAVE_SYS_WAIT_H 1
| #define HAVE_WCTYPE_H 1
| #define STDC_HEADERS 1
| #define HAVE_VOID 1
| #define HAVE_CONST 1
| #define HAVE_TIME_T 1
| #define HAVE_STAT_INO 1
| #define HAVE_ANSI_PROTOS 1
| #define HAVE_FCHMOD 1
| #define HAVE_FSYNC 1
| #define HAVE_NANOSLEEP 1
| #define HAVE_POLL 1
| #define HAVE_POPEN 1
| #define HAVE_REALPATH 1
| #define HAVE__SETJMP 1
| #define HAVE_SIGPROCMASK 1
| #define HAVE_SIGSETMASK 1
| #define HAVE_SNPRINTF 1
| #define HAVE_STAT 1
| #define HAVE_STRSIGNAL 1
| #define HAVE_SYSTEM 1
| #define HAVE_TTYNAME 1
| #define HAVE_USLEEP 1
| /* end confdefs.h.  */
| 
| int
| main (void)
| {
| (void) strchr;
|   ;
|   return 0;
| }
configure:5255: gcc -c -g -O2   conftest.c >&5
configure:5255: $? = 0
configure:5275: result: none needed
configure:5289: checking whether sigsetjmp is declared
configure:5289: gcc -c -g -O2   conftest.c >&5
configure:5289: $? = 0
configure:5289: result: yes
configure:5298: checking for memcpy
configure:5314: gcc -o conftest -g -O2   conftest.c  -ltinfo >&5
configure:5314: $? = 0
configure:5316: result: yes
configure:5327: checking for strchr
configure:5343: gcc -o conftest -g -O2   conftest.c  -ltinfo >&5
configure:5343: $? = 0
configure:5345: result: yes
configure:5356: checking for strstr
configure:5372: gcc -o conftest -g -O2   conftest.c  -ltinfo >&5
configure:5372: $? = 0
configure:5374: result: yes
configure:5386: checking for tcgetattr
configure:5386: gcc -o conftest -g -O2   conftest.c  -ltinfo >&5
configure:5386: $? = 0
configure:5386: result: yes
configure:5394: checking for fileno
configure:5410: gcc -o conftest -g -O2   conftest.c  -ltinfo >&5
configure:5410: $? = 0
configure:5412: result: yes
configure:5423: checking for strerror
configure:5445: gcc -o conftest -g -O2   conftest.c  -ltinfo >&5
configure:5445: $? = 0
configure:5447: result: yes
configure:5458: checking for sys_errlist
configure:5471: gcc -o conftest -g -O2   conftest.c  -ltinfo >&5
configure:5471: $? = 0
configure:5473: result: yes
configure:5484: checking for sigset_t
configure:5484: gcc -c -g -O2  conftest.c >&5
configure:5484: $? = 0
configure:5484: gcc -c -g -O2  conftest.c >&5
conftest.c: In function 'main':
conftest.c:65:23: error: expected expression before ')' token
   65 | if (sizeof ((sigset_t)))
      |                       ^
configure:5484: $? = 1
configure: failed program was:
| /* confdefs.h */
| #define PACKAGE_NAME "less"
| #define PACKAGE_TARNAME "less"
| #define PACKAGE_VERSION "1"
| #define PACKAGE_STRING "less 1"
| #define PACKAGE_BUGREPORT ""
| #define PACKAGE_URL ""
| #define HAVE_STDIO_H 1
| #define HAVE_STDLIB_H 1
| #define HAVE_STRING_H 1
| #define HAVE_INTTYPES_H 1
| #define HAVE_STDINT_H 1
| #define HAVE_STRINGS_H 1
| #define HAVE_SYS_STAT_H 1
| #define HAVE_SYS_TYPES_H 1
| #define HAVE_UNISTD_H 1
| #define HAVE_CTYPE_H 1
| #define HAVE_ERRNO_H 1
| #define HAVE_FCNTL_H 1
| #define HAVE_LIMITS_H 1
| #define HAVE_STDCKDINT_H 1
| #define HAVE_TERMCAP_H 1
| #define HAVE_TERMIO_H 1
| #define HAVE_TERMIOS_H 1
| #define HAVE_TIME_H 1
| #define HAVE_VALUES_H 1
| #define HAVE_SYS_IOCTL_H 1
| #define HAVE_SYS_WAIT_H 1
| #define HAVE_WCTYPE_H 1
| #define STDC_HEADERS 1
| #define HAVE_VOID 1
| #define HAVE_CONST 1
| #define HAVE_TIME_T 1
| #define HAVE_STAT_INO 1
| #define HAVE_ANSI_PROTOS 1
| #define HAVE_FCHMOD 1
| #define HAVE_FSYNC 1
| #define HAVE_NANOSLEEP 1
| #define HAVE_POLL 1
| #define HAVE_POPEN 1
| #define HAVE_REALPATH 1
| #define HAVE__SETJMP 1
| #define HAVE_SIGPROCMASK 1
| #define HAVE_SIGSETMASK 1
| #define HAVE_SNPRINTF 1
| #define HAVE_STAT 1
| #define HAVE_STRSIGNAL 1
| #define HAVE_SYSTEM 1
| #define HAVE_TTYNAME 1
| #define HAVE_USLEEP 1
| #define HAVE_SIGSETJMP 1
| #define HAVE_MEMCPY 1
| #define HAVE_STRCHR 1
| #define HAVE_STRSTR 1
| #define HAVE_TERMIOS_FUNCS 1
| #define HAVE_FILENO 1
| #define HAVE_STRERROR 1
| #define HAVE_SYS_ERRLIST 1
| /* end confdefs.h.  */
| #include <signal.h>
| 
| int
| main (void)
| {
| if (sizeof ((sigset_t)))
| 	    return 0;
|   ;
|   return 0;
| }
configure:5484: result: yes
configure:5495: checking for sigemptyset
configure:5510: gcc -o conftest -g -O2   conftest.c  -ltinfo >&5
configure:5510: $? = 0
configure:5512: result: yes
configure:5524: checking for errno
configure:5540: gcc -o conftest -g -O2   conftest.c  -ltinfo >&5
configure:5540: $? = 0
configure:5542: result: yes - in errno.h
configure:5580: checking for settable errno
configure:5598: gcc -o conftest -g -O2   conftest.c  -ltinfo >&5
configure:5598: $? = 0
configure:5600: result: yes
configure:5608: checking for locale
configure:5623: gcc -o conftest -g -O2   conftest.c  -ltinfo >&5
configure:5623: $? = 0
configure:5625: result: yes
configure:5636: checking for ctype functions
configure:5652: gcc -o conftest -g -O2   conftest.c  -ltinfo >&5
configure:5652: $? = 0
configure:5654: result: yes
configure:5665: checking for wctype functions
configure:5678: gcc -o conftest -g -O2   conftest.c  -ltinfo >&5
configure:5678: $? = 0
configure:5680: result: yes
configure:5693: checking termcap for ospeed
configure:5713: gcc -o conftest -g -O2   conftest.c  -ltinfo >&5
configure:5713: $? = 0
configure:5715: result: yes - in termcap.h
configure:5790: checking for POSIX regcomp
configure:5811: gcc -o conftest -g -O2   conftest.c  -ltinfo >&5
configure:5811: $? = 0
configure:5811: ./conftest
configure:5811: $? = 0
configure:5824: result: yes
configure:6101: result: regular expression library:  posix
configure:6233: creating ./config.status

## ---------------------- ##
## Running config.status. ##
## ---------------------- ##

This file was extended by less config.status 1, which was
generated by GNU Autoconf 2.72.  Invocation command line was

  CONFIG_FILES    = 
  CONFIG_HEADERS  = 
  CONFIG_LINKS    = 
  CONFIG_COMMANDS = 
  $ ./config.status 

on pc

config.status:849: creating Makefile
config.status:849: creating defines.h

## ---------------- ##
## Cache variables. ##
## ---------------- ##

ac_cv_c_compiler_gnu=yes
ac_cv_c_const=yes
ac_cv_c_undeclared_builtin_options='none needed'
ac_cv_env_CC_set=
ac_cv_env_CC_value=
ac_cv_env_CFLAGS_set=
ac_cv_env_CFLAGS_value=
ac_cv_env_CPPFLAGS_set=
ac_cv_env_CPPFLAGS_value=
ac_cv_env_LDFLAGS_set=
ac_cv_env_LDFLAGS_value=
ac_cv_env_LIBS_set=
ac_cv_env_LIBS_value=
ac_cv_env_build_alias_set=
ac_cv_env_build_alias_value=
ac_cv_env_host_alias_set=
ac_cv_env_host_alias_value=
ac_cv_env_target_alias_set=
ac_cv_env_target_alias_value=
ac_cv_func__setjmp=yes
ac_cv_func_fchmod=yes
ac_cv_func_fsync=yes
ac_cv_func_nanosleep=yes
ac_cv_func_poll=yes
ac_cv_func_popen=yes
ac_cv_func_realpath=yes
ac_cv_func_sigprocmask=yes
ac_cv_func_sigsetmask=yes
ac_cv_func_snprintf=yes
ac_cv_func_stat=yes
ac_cv_func_strsignal=yes
ac_cv_func_system=yes
ac_cv_func_tcgetattr=yes
ac_cv_func_ttyname=yes
ac_cv_func_usleep=yes
ac_cv_have_decl_sigsetjmp=yes
ac_cv_header_ctype_h=yes
ac_cv_header_errno_h=yes
ac_cv_header_fcntl_h=yes
ac_cv_header_inttypes_h=yes
ac_cv_header_limits_h=yes
ac_cv_header_ncurses_termcap_h=no
ac_cv_header_ncursesw_termcap_h=no
ac_cv_header_stat_broken=no
ac_cv_header_stdckdint_h=yes
ac_cv_header_stdint_h=yes
ac_cv_header_stdio_h=yes
ac_cv_header_stdlib_h=yes
ac_cv_header_string_h=yes
ac_cv_header_strings_h=yes
ac_cv_header_sys_ioctl_h=yes
ac_cv_header_sys_stat_h=yes
ac_cv_header_sys_stream_h=no
ac_cv_header_sys_types_h=yes
ac_cv_header_sys_wait_h=yes
ac_cv_header_termcap_h=yes
ac_cv_header_termio_h=yes
ac_cv_header_termios_h=yes
ac_cv_header_time_h=yes
ac_cv_header_unistd_h=yes
ac_cv_header_values_h=yes
ac_cv_header_wctype_h=yes
ac_cv_lib_curses_initscr=yes
ac_cv_lib_ncurses_initscr=yes
ac_cv_lib_ncursesw_initscr=yes
ac_cv_lib_termcap_tgetent=no
ac_cv_lib_termlib_tgetent=no
ac_cv_lib_tinfo_tgoto=yes
ac_cv_lib_tinfow_tgoto=no
ac_cv_lib_xcurses_initscr=no
ac_cv_objext=o
ac_cv_path_install='/usr/bin/install -c'
ac_cv_prog_ac_ct_CC=gcc
ac_cv_prog_cc_c11=
ac_cv_prog_cc_g=yes
ac_cv_prog_cc_stdc=
ac_cv_search_regcmp=no
ac_cv_search_strerror='none required'
ac_cv_sys_largefile_opts='none needed'
ac_cv_type_off_t=yes
ac_cv_type_sigset_t=yes
ac_cv_type_size_t=yes

## ----------------- ##
## Output variables. ##
## ----------------- ##

CC='gcc'
CFLAGS='-g -O2'
CPPFLAGS=''
DEFS='-DHAVE_CONFIG_H'
ECHO_C=''
ECHO_N='-n'
ECHO_T=''
EXEEXT=''
INSTALL_DATA='${INSTALL} -m 644'
INSTALL_PROGRAM='${INSTALL}'
INSTALL_SCRIPT='${INSTALL}'
LDFLAGS=''
LIBOBJS=''
LIBS=' -ltinfo'
LTLIBOBJS=''
OBJEXT='o'
PACKAGE_BUGREPORT=''
PACKAGE_NAME='less'
PACKAGE_STRING='less 1'
PACKAGE_TARNAME='less'
PACKAGE_URL=''
PACKAGE_VERSION='1'
PATH_SEPARATOR=':'
REGEX_O=''
SECURE_COMPILE='0'
SHELL='/bin/sh'
ac_ct_CC='gcc'
bindir='${exec_prefix}/bin'
build_alias=''
datadir='${datarootdir}'
datarootdir='${prefix}/share'
docdir='${datarootdir}/doc/${PACKAGE_TARNAME}'
dvidir='${docdir}'
exec_prefix='${prefix}'
host_alias=''
htmldir='${docdir}'
includedir='${prefix}/include'
infodir='${datarootdir}/info'
libdir='${exec_prefix}/lib'
libexecdir='${exec_prefix}/libexec'
localedir='${datarootdir}/locale'
localstatedir='${prefix}/var'
mandir='${datarootdir}/man'
oldincludedir='/usr/include'
pdfdir='${docdir}'
prefix='/usr/local'
program_transform_name='s,x,x,'
psdir='${docdir}'
runstatedir='${localstatedir}/run'
sbindir='${exec_prefix}/sbin'
sharedstatedir='${prefix}/com'
sysconfdir='${prefix}/etc'
target_alias=''

## ----------- ##
## confdefs.h. ##
## ----------- ##

/* confdefs.h */
#define PACKAGE_NAME "less"
#define PACKAGE_TARNAME "less"
#define PACKAGE_VERSION "1"
#define PACKAGE_STRING "less 1"
#define PACKAGE_BUGREPORT ""
#define PACKAGE_URL ""
#define HAVE_STDIO_H 1
#define HAVE_STDLIB_H 1
#define HAVE_STRING_H 1
#define HAVE_INTTYPES_H 1
#define HAVE_STDINT_H 1
#define HAVE_STRINGS_H 1
#define HAVE_SYS_STAT_H 1
#define HAVE_SYS_TYPES_H 1
#define HAVE_UNISTD_H 1
#define HAVE_CTYPE_H 1
#define HAVE_ERRNO_H 1
#define HAVE_FCNTL_H 1
#define HAVE_LIMITS_H 1
#define HAVE_STDCKDINT_H 1
#define HAVE_TERMCAP_H 1
#define HAVE_TERMIO_H 1
#define HAVE_TERMIOS_H 1
#define HAVE_TIME_H 1
#define HAVE_VALUES_H 1
#define HAVE_SYS_IOCTL_H 1
#define HAVE_SYS_WAIT_H 1
#define HAVE_WCTYPE_H 1
#define STDC_HEADERS 1
#define HAVE_VOID 1
#define HAVE_CONST 1
#define HAVE_TIME_T 1
#define HAVE_STAT_INO 1
#define HAVE_ANSI_PROTOS 1
#define HAVE_FCHMOD 1
#define HAVE_FSYNC 1
#define HAVE_NANOSLEEP 1
#define HAVE_POLL 1
#define HAVE_POPEN 1
#define HAVE_REALPATH 1
#define HAVE__SETJMP 1
#define HAVE_SIGPROCMASK 1
#define HAVE_SIGSETMASK 1
#define HAVE_SNPRINTF 1
#define HAVE_STAT 1
#define HAVE_STRSIGNAL 1
#define HAVE_SYSTEM 1
#define HAVE_TTYNAME 1
#define HAVE_USLEEP 1
#define HAVE_SIGSETJMP 1
#define HAVE_MEMCPY 1
#define HAVE_STRCHR 1
#define HAVE_STRSTR 1
#define HAVE_TERMIOS_FUNCS 1
#define HAVE_FILENO 1
#define HAVE_STRERROR 1
#define HAVE_SYS_ERRLIST 1
#define HAVE_SIGSET_T 1
#define HAVE_SIGEMPTYSET 1
#define HAVE_ERRNO 1
#define HAVE_SETTABLE_ERRNO 1
#define HAVE_LOCALE 1
#define HAVE_UPPER_LOWER 1
#define HAVE_WCTYPE 1
#define HAVE_OSPEED 1
#define SECURE_COMPILE 0
#define HAVE_POSIX_REGCOMP 1
#define EDIT_PGM "vi"

configure: exit 0

## ---------------------- ##
## Running config.status. ##
## ---------------------- ##

This file was extended by less config.status 1, which was
generated by GNU Autoconf 2.72.  Invocation command line was

  CONFIG_FILES    = Makefile
  CONFIG_HEADERS  = 
  CONFIG_LINKS    = 
  CONFIG_COMMANDS = 
  $ ./config.status 

on pc

config.status:849: creating Makefile

## ---------------------- ##
## Running config.status. ##
## ---------------------- ##

This file was extended by less config.status 1, which was
generated by GNU Autoconf 2.72.  Invocation command line was

  CONFIG_FILES    = Makefile
  CONFIG_HEADERS  = 
  CONFIG_LINKS    = 
  CONFIG_COMMANDS = 
  $ ./config.status 

on pc

config.status:849: creating Makefile

## ---------------------- ##
## Running config.status. ##
## ---------------------- ##

This file was extended by less config.status 1, which was
generated by GNU Autoconf 2.72.  Invocation command line was

  CONFIG_FILES    = Makefile
  CONFIG_HEADERS  = 
  CONFIG_LINKS    = 
  CONFIG_COMMANDS = 
  $ ./config.status 

on pc

config.status:849: creating Makefile

## ---------------------- ##
## Running config.status. ##
## ---------------------- ##

This file was extended by less config.status 1, which was
generated by GNU Autoconf 2.72.  Invocation command line was

  CONFIG_FILES    = Makefile
  CONFIG_HEADERS  = 
  CONFIG_LINKS    = 
  CONFIG_COMMANDS = 
  $ ./config.status 

on pc

config.status:849: creating Makefile
